  practica4.cpp
d:\octavo\compu_grafica\practicas\p4_e01\ejr_p4\window.h(16): warning C4244: 'return': conversión de 'GLint' a 'GLfloat'; posible pérdida de datos
d:\octavo\compu_grafica\practicas\p4_e01\ejr_p4\window.h(17): warning C4244: 'return': conversión de 'GLint' a 'GLfloat'; posible pérdida de datos
d:\octavo\compu_grafica\practicas\p4_e01\ejr_p4\practica4.cpp(18): warning C4305: 'inicializando': truncamiento de 'double' a 'float'
d:\octavo\compu_grafica\practicas\p4_e01\ejr_p4\practica4.cpp(27): warning C4305: 'inicializando': truncamiento de 'double' a 'float'
d:\octavo\compu_grafica\practicas\p4_e01\ejr_p4\practica4.cpp(30): warning C4244: '=': conversión de 'double' a 'float'; posible pérdida de datos
d:\octavo\compu_grafica\practicas\p4_e01\ejr_p4\practica4.cpp(32): warning C4244: '=': conversión de 'double' a 'float'; posible pérdida de datos
d:\octavo\compu_grafica\practicas\p4_e01\ejr_p4\practica4.cpp(34): warning C4244: '=': conversión de 'double' a 'float'; posible pérdida de datos
d:\octavo\compu_grafica\practicas\p4_e01\ejr_p4\practica4.cpp(36): warning C4244: '=': conversión de 'double' a 'float'; posible pérdida de datos
d:\octavo\compu_grafica\practicas\p4_e01\ejr_p4\practica4.cpp(111): warning C4838: la conversión de 'double' en 'GLfloat' requiere una conversión de restricción
d:\octavo\compu_grafica\practicas\p4_e01\ejr_p4\practica4.cpp(107): warning C4244: 'inicializando': conversión de 'double' a 'GLfloat'; posible pérdida de datos
d:\octavo\compu_grafica\practicas\p4_e01\ejr_p4\practica4.cpp(108): warning C4244: 'inicializando': conversión de 'double' a 'GLfloat'; posible pérdida de datos
d:\octavo\compu_grafica\practicas\p4_e01\ejr_p4\practica4.cpp(109): warning C4244: 'inicializando': conversión de 'double' a 'GLfloat'; posible pérdida de datos
d:\octavo\compu_grafica\practicas\p4_e01\ejr_p4\practica4.cpp(110): warning C4244: 'inicializando': conversión de 'double' a 'GLfloat'; posible pérdida de datos
d:\octavo\compu_grafica\practicas\p4_e01\ejr_p4\practica4.cpp(118): warning C4838: la conversión de 'double' en 'GLfloat' requiere una conversión de restricción
d:\octavo\compu_grafica\practicas\p4_e01\ejr_p4\practica4.cpp(114): warning C4244: 'inicializando': conversión de 'double' a 'GLfloat'; posible pérdida de datos
d:\octavo\compu_grafica\practicas\p4_e01\ejr_p4\practica4.cpp(115): warning C4244: 'inicializando': conversión de 'double' a 'GLfloat'; posible pérdida de datos
d:\octavo\compu_grafica\practicas\p4_e01\ejr_p4\practica4.cpp(116): warning C4244: 'inicializando': conversión de 'double' a 'GLfloat'; posible pérdida de datos
d:\octavo\compu_grafica\practicas\p4_e01\ejr_p4\practica4.cpp(117): warning C4244: 'inicializando': conversión de 'double' a 'GLfloat'; posible pérdida de datos
  p3_01.vcxproj -> D:\OCTAVO\COMPU_GRAFICA\PRACTICAS\p4_E01\ejr_p4\Debug\p3_01.exe
